<?xml version="1.0" encoding="UTF-8"?>
<testng-results ignored="0" total="1" passed="1" failed="0" skipped="0">
  <reporter-output>
  </reporter-output>
  <suite started-at="2023-04-11T14:31:54 IST" name="Default suite" finished-at="2023-04-11T14:32:10 IST" duration-ms="15564">
    <groups>
    </groups>
    <test started-at="2023-04-11T14:31:54 IST" name="Default test" finished-at="2023-04-11T14:32:10 IST" duration-ms="15564">
      <class name="com.facebook.FacebookLoginTest1">
        <test-method is-config="true" signature="setUp()[pri:0, instance:com.facebook.FacebookLoginTest1@4d5d943d]" started-at="2023-04-11T14:31:54 IST" name="setUp" finished-at="2023-04-11T14:31:57 IST" duration-ms="2564" status="PASS">
          <reporter-output>
          </reporter-output>
        </test-method> <!-- setUp -->
        <test-method signature="testFacebookLogin()[pri:0, instance:com.facebook.FacebookLoginTest1@4d5d943d]" started-at="2023-04-11T14:31:57 IST" name="testFacebookLogin" finished-at="2023-04-11T14:32:10 IST" duration-ms="12707" status="PASS">
          <reporter-output>
          </reporter-output>
        </test-method> <!-- testFacebookLogin -->
        <test-method is-config="true" signature="tearDown()[pri:0, instance:com.facebook.FacebookLoginTest1@4d5d943d]" started-at="2023-04-11T14:32:10 IST" name="tearDown" finished-at="2023-04-11T14:32:10 IST" duration-ms="252" status="PASS">
          <reporter-output>
          </reporter-output>
        </test-method> <!-- tearDown -->
      </class> <!-- com.facebook.FacebookLoginTest1 -->
    </test> <!-- Default test -->
  </suite> <!-- Default suite -->
</testng-results>
